<?xml version="1.0" encoding="UTF-8"?>
<testng-results skipped="0" failed="1" total="6" passed="5">
  <reporter-output>
  </reporter-output>
  <suite name="Suite" duration-ms="60" started-at="2020-02-15T09:00:44Z" finished-at="2020-02-15T09:00:44Z">
    <groups>
    </groups>
    <test name="Practice Project" duration-ms="60" started-at="2020-02-15T09:00:44Z" finished-at="2020-02-15T09:00:44Z">
      <class name="com.company.app.testsuites.App">
        <test-method status="PASS" signature="print()[pri:0, instance:com.company.app.testsuites.App@f67ac7]" name="print" duration-ms="17" started-at="2020-02-15T14:30:44Z" finished-at="2020-02-15T14:30:44Z">
          <reporter-output>
          </reporter-output>
        </test-method> <!-- print -->
        <test-method status="FAIL" signature="print1()[pri:0, instance:com.company.app.testsuites.App@f67ac7]" name="print1" duration-ms="4" started-at="2020-02-15T14:30:44Z" finished-at="2020-02-15T14:30:44Z">
          <exception class="java.lang.AssertionError">
            <message>
              <![CDATA[expected [true] but found [false]]]>
            </message>
            <full-stacktrace>
              <![CDATA[java.lang.AssertionError: expected [true] but found [false]
	at org.testng.Assert.fail(Assert.java:94)
	at org.testng.Assert.failNotEquals(Assert.java:496)
	at org.testng.Assert.assertTrue(Assert.java:42)
	at org.testng.Assert.assertTrue(Assert.java:52)
	at com.company.app.testsuites.App.print1(App.java:39)
	at sun.reflect.NativeMethodAccessorImpl.invoke0(Native Method)
	at sun.reflect.NativeMethodAccessorImpl.invoke(NativeMethodAccessorImpl.java:62)
	at sun.reflect.DelegatingMethodAccessorImpl.invoke(DelegatingMethodAccessorImpl.java:43)
	at java.lang.reflect.Method.invoke(Method.java:498)
	at org.testng.internal.MethodInvocationHelper.invokeMethod(MethodInvocationHelper.java:85)
	at org.testng.internal.Invoker.invokeMethod(Invoker.java:639)
	at org.testng.internal.Invoker.invokeTestMethod(Invoker.java:816)
	at org.testng.internal.Invoker.invokeTestMethods(Invoker.java:1124)
	at org.testng.internal.TestMethodWorker.invokeTestMethods(TestMethodWorker.java:125)
	at org.testng.internal.TestMethodWorker.run(TestMethodWorker.java:108)
	at org.testng.TestRunner.privateRun(TestRunner.java:774)
	at org.testng.TestRunner.run(TestRunner.java:624)
	at org.testng.SuiteRunner.runTest(SuiteRunner.java:359)
	at org.testng.SuiteRunner.runSequentially(SuiteRunner.java:354)
	at org.testng.SuiteRunner.privateRun(SuiteRunner.java:312)
	at org.testng.SuiteRunner.run(SuiteRunner.java:261)
	at org.testng.SuiteRunnerWorker.runSuite(SuiteRunnerWorker.java:52)
	at org.testng.SuiteRunnerWorker.run(SuiteRunnerWorker.java:86)
	at org.testng.TestNG.runSuitesSequentially(TestNG.java:1191)
	at org.testng.TestNG.runSuitesLocally(TestNG.java:1116)
	at org.testng.TestNG.run(TestNG.java:1024)
	at org.testng.remote.RemoteTestNG.run(RemoteTestNG.java:112)
	at org.testng.remote.RemoteTestNG.initAndRun(RemoteTestNG.java:205)
	at org.testng.remote.RemoteTestNG.main(RemoteTestNG.java:176)
]]>
            </full-stacktrace>
          </exception> <!-- java.lang.AssertionError -->
          <reporter-output>
          </reporter-output>
        </test-method> <!-- print1 -->
        <test-method status="PASS" signature="testMethodFour()[pri:0, instance:com.company.app.testsuites.App@f67ac7]" name="testMethodFour" duration-ms="2" started-at="2020-02-15T14:30:44Z" finished-at="2020-02-15T14:30:44Z">
          <reporter-output>
          </reporter-output>
        </test-method> <!-- testMethodFour -->
        <test-method status="PASS" signature="testMethodOne()[pri:0, instance:com.company.app.testsuites.App@f67ac7]" name="testMethodOne" duration-ms="2" started-at="2020-02-15T14:30:44Z" finished-at="2020-02-15T14:30:44Z">
          <reporter-output>
          </reporter-output>
        </test-method> <!-- testMethodOne -->
        <test-method status="PASS" signature="testMethodThree()[pri:0, instance:com.company.app.testsuites.App@f67ac7]" name="testMethodThree" duration-ms="1" started-at="2020-02-15T14:30:44Z" finished-at="2020-02-15T14:30:44Z">
          <reporter-output>
          </reporter-output>
        </test-method> <!-- testMethodThree -->
        <test-method status="PASS" signature="testMethodTwo()[pri:0, instance:com.company.app.testsuites.App@f67ac7]" name="testMethodTwo" duration-ms="1" started-at="2020-02-15T14:30:44Z" finished-at="2020-02-15T14:30:44Z">
          <reporter-output>
          </reporter-output>
        </test-method> <!-- testMethodTwo -->
      </class> <!-- com.company.app.testsuites.App -->
    </test> <!-- Practice Project -->
  </suite> <!-- Suite -->
</testng-results>
