<?xml version="1.0" encoding="UTF-8"?>
<!-- Generated by org.testng.reporters.JUnitXMLReporter -->
<testsuite hostname="DESKTOP-M57K9LG" name="Practice Project" tests="2" failures="1" timestamp="15 Feb 2020 06:36:53 GMT" time="0.25" errors="0">
  <testcase name="print" time="0.157" classname="com.company.app.testsuites.App"/>
  <testcase name="print1" time="0.0" classname="com.company.app.testsuites.App">
    <failure type="java.lang.AssertionError" message="expected [true] but found [false]">
      <![CDATA[java.lang.AssertionError: expected [true] but found [false]
	at com.company.app.testsuites.App.print1(App.java:21)
... Removed 28 stack frames]]>
    </failure>
  </testcase> <!-- print1 -->
</testsuite> <!-- Practice Project -->
