<?xml version="1.0" encoding="UTF-8"?>
<!-- Generated by org.testng.reporters.JUnitXMLReporter -->
<testsuite hostname="DESKTOP-M57K9LG" name="Practice Project" tests="6" failures="1" timestamp="15 Feb 2020 09:00:44 GMT" time="0.06" errors="0">
  <testcase name="print" time="0.017" classname="com.company.app.testsuites.App"/>
  <testcase name="print1" time="0.004" classname="com.company.app.testsuites.App">
    <failure type="java.lang.AssertionError" message="expected [true] but found [false]">
      <![CDATA[java.lang.AssertionError: expected [true] but found [false]
	at com.company.app.testsuites.App.print1(App.java:39)
... Removed 28 stack frames]]>
    </failure>
  </testcase> <!-- print1 -->
  <testcase name="testMethodFour" time="0.002" classname="com.company.app.testsuites.App"/>
  <testcase name="testMethodOne" time="0.002" classname="com.company.app.testsuites.App"/>
  <testcase name="testMethodThree" time="0.001" classname="com.company.app.testsuites.App"/>
  <testcase name="testMethodTwo" time="0.001" classname="com.company.app.testsuites.App"/>
</testsuite> <!-- Practice Project -->
